<?xml version="1.0" encoding="UTF-8"?>
<!-- Generated by org.testng.reporters.JUnitReportReporter -->
<testsuite skipped="0" hostname="DESKTOP-1P6BI5N" name="Costco.qa.TC1" tests="1" failures="0" timestamp="2019-06-05T19:49:58 CDT" time="51.037" errors="0">
  <testcase name="testSignIn_Out" time="51.037" classname="Costco.qa.TC1"/>
</testsuite> <!-- Costco.qa.TC1 -->
